<?xml version="1.0" encoding="UTF-8"?>
<!-- Generated by org.testng.reporters.JUnitReportReporter -->
<testsuite hostname="DESKTOP-RV81JHL" failures="0" tests="3" name="com.vtiger.tests.LoginTest" time="3.838" errors="0" timestamp="2023-04-30T10:59:49 IST" skipped="0">
  <testcase classname="com.vtiger.tests.LoginTest" name="validLoginTC02" time="2.292"/>
  <system-out/>
  <testcase classname="com.vtiger.tests.LoginTest" name="verifyLogoTC03" time="0.173"/>
  <system-out/>
  <testcase classname="com.vtiger.tests.LoginTest" name="InvalidLoginTC01" time="1.373"/>
  <system-out/>
</testsuite> <!-- com.vtiger.tests.LoginTest -->
