<?xml version="1.0" encoding="UTF-8"?>
<!-- Generated by org.testng.reporters.JUnitReportReporter -->
<testsuite hostname="DESKTOP-CSVFDDF" failures="0" tests="3" name="com.vtiger.tests.LoginTest" time="16.793" errors="0" timestamp="2023-04-22T22:30:29 IST" skipped="0">
  <testcase classname="com.vtiger.tests.LoginTest" name="InvalidLoginTC01" time="3.995"/>
  <system-out/>
  <testcase classname="com.vtiger.tests.LoginTest" name="verifyLogoTC03" time="0.172"/>
  <system-out/>
  <testcase classname="com.vtiger.tests.LoginTest" name="validLoginTC02" time="12.626"/>
  <system-out/>
</testsuite> <!-- com.vtiger.tests.LoginTest -->
